{"/home/merek/dev/taskwipe/src/actions/projects/index.js": {"path":"/home/merek/dev/taskwipe/src/actions/projects/index.js","statementMap":{"0":{"start":{"line":4,"column":27},"end":{"line":19,"column":1}},"1":{"start":{"line":4,"column":39},"end":{"line":19,"column":1}},"2":{"start":{"line":5,"column":1},"end":{"line":18,"column":5}},"3":{"start":{"line":8,"column":3},"end":{"line":11,"column":6}},"4":{"start":{"line":14,"column":3},"end":{"line":16,"column":6}},"5":{"start":{"line":17,"column":3},"end":{"line":17,"column":14}},"6":{"start":{"line":21,"column":26},"end":{"line":36,"column":1}},"7":{"start":{"line":21,"column":44},"end":{"line":36,"column":1}},"8":{"start":{"line":22,"column":1},"end":{"line":35,"column":5}},"9":{"start":{"line":25,"column":3},"end":{"line":28,"column":6}},"10":{"start":{"line":31,"column":3},"end":{"line":33,"column":6}},"11":{"start":{"line":34,"column":3},"end":{"line":34,"column":14}},"12":{"start":{"line":38,"column":29},"end":{"line":53,"column":1}},"13":{"start":{"line":38,"column":50},"end":{"line":53,"column":1}},"14":{"start":{"line":39,"column":1},"end":{"line":52,"column":5}},"15":{"start":{"line":42,"column":3},"end":{"line":45,"column":6}},"16":{"start":{"line":48,"column":3},"end":{"line":50,"column":6}},"17":{"start":{"line":51,"column":3},"end":{"line":51,"column":14}},"18":{"start":{"line":55,"column":29},"end":{"line":70,"column":1}},"19":{"start":{"line":55,"column":44},"end":{"line":70,"column":1}},"20":{"start":{"line":56,"column":1},"end":{"line":69,"column":5}},"21":{"start":{"line":59,"column":3},"end":{"line":62,"column":5}},"22":{"start":{"line":65,"column":3},"end":{"line":67,"column":6}},"23":{"start":{"line":68,"column":3},"end":{"line":68,"column":14}}},"fnMap":{"0":{"name":"(anonymous_0)","decl":{"start":{"line":4,"column":27},"end":{"line":4,"column":28}},"loc":{"start":{"line":4,"column":39},"end":{"line":19,"column":1}},"line":4},"1":{"name":"(anonymous_1)","decl":{"start":{"line":4,"column":39},"end":{"line":4,"column":40}},"loc":{"start":{"line":4,"column":51},"end":{"line":19,"column":1}},"line":4},"2":{"name":"(anonymous_2)","decl":{"start":{"line":7,"column":8},"end":{"line":7,"column":9}},"loc":{"start":{"line":7,"column":15},"end":{"line":12,"column":3}},"line":7},"3":{"name":"(anonymous_3)","decl":{"start":{"line":13,"column":9},"end":{"line":13,"column":10}},"loc":{"start":{"line":13,"column":16},"end":{"line":18,"column":3}},"line":13},"4":{"name":"(anonymous_4)","decl":{"start":{"line":21,"column":26},"end":{"line":21,"column":27}},"loc":{"start":{"line":21,"column":44},"end":{"line":36,"column":1}},"line":21},"5":{"name":"(anonymous_5)","decl":{"start":{"line":21,"column":44},"end":{"line":21,"column":45}},"loc":{"start":{"line":21,"column":56},"end":{"line":36,"column":1}},"line":21},"6":{"name":"(anonymous_6)","decl":{"start":{"line":24,"column":8},"end":{"line":24,"column":9}},"loc":{"start":{"line":24,"column":15},"end":{"line":29,"column":3}},"line":24},"7":{"name":"(anonymous_7)","decl":{"start":{"line":30,"column":9},"end":{"line":30,"column":10}},"loc":{"start":{"line":30,"column":16},"end":{"line":35,"column":3}},"line":30},"8":{"name":"(anonymous_8)","decl":{"start":{"line":38,"column":29},"end":{"line":38,"column":30}},"loc":{"start":{"line":38,"column":50},"end":{"line":53,"column":1}},"line":38},"9":{"name":"(anonymous_9)","decl":{"start":{"line":38,"column":50},"end":{"line":38,"column":51}},"loc":{"start":{"line":38,"column":62},"end":{"line":53,"column":1}},"line":38},"10":{"name":"(anonymous_10)","decl":{"start":{"line":41,"column":8},"end":{"line":41,"column":9}},"loc":{"start":{"line":41,"column":15},"end":{"line":46,"column":3}},"line":41},"11":{"name":"(anonymous_11)","decl":{"start":{"line":47,"column":9},"end":{"line":47,"column":10}},"loc":{"start":{"line":47,"column":16},"end":{"line":52,"column":3}},"line":47},"12":{"name":"(anonymous_12)","decl":{"start":{"line":55,"column":29},"end":{"line":55,"column":30}},"loc":{"start":{"line":55,"column":44},"end":{"line":70,"column":1}},"line":55},"13":{"name":"(anonymous_13)","decl":{"start":{"line":55,"column":44},"end":{"line":55,"column":45}},"loc":{"start":{"line":55,"column":56},"end":{"line":70,"column":1}},"line":55},"14":{"name":"(anonymous_14)","decl":{"start":{"line":58,"column":8},"end":{"line":58,"column":9}},"loc":{"start":{"line":58,"column":15},"end":{"line":63,"column":3}},"line":58},"15":{"name":"(anonymous_15)","decl":{"start":{"line":64,"column":9},"end":{"line":64,"column":10}},"loc":{"start":{"line":64,"column":16},"end":{"line":69,"column":3}},"line":64}},"branchMap":{},"s":{"0":1,"1":2,"2":2,"3":2,"4":1,"5":1,"6":1,"7":2,"8":2,"9":2,"10":1,"11":1,"12":1,"13":2,"14":2,"15":2,"16":1,"17":1,"18":1,"19":2,"20":2,"21":2,"22":1,"23":1},"f":{"0":2,"1":2,"2":2,"3":1,"4":2,"5":2,"6":2,"7":1,"8":2,"9":2,"10":2,"11":1,"12":2,"13":2,"14":2,"15":1},"b":{},"_coverageSchema":"332fd63041d2c1bcb487cc26dd0d5f7d97098a6c","hash":"a1a4937d7a38921f07cc99eed146d3289a3385a3"}
,"/home/merek/dev/taskwipe/src/actions/projects/types.js": {"path":"/home/merek/dev/taskwipe/src/actions/projects/types.js","statementMap":{"0":{"start":{"line":1,"column":28},"end":{"line":1,"column":42}},"1":{"start":{"line":2,"column":27},"end":{"line":2,"column":40}},"2":{"start":{"line":3,"column":30},"end":{"line":3,"column":46}},"3":{"start":{"line":4,"column":30},"end":{"line":4,"column":46}},"4":{"start":{"line":6,"column":34},"end":{"line":6,"column":54}},"5":{"start":{"line":7,"column":33},"end":{"line":7,"column":52}},"6":{"start":{"line":8,"column":36},"end":{"line":8,"column":58}},"7":{"start":{"line":9,"column":36},"end":{"line":9,"column":58}}},"fnMap":{},"branchMap":{},"s":{"0":2,"1":2,"2":2,"3":2,"4":2,"5":2,"6":2,"7":2},"f":{},"b":{},"_coverageSchema":"332fd63041d2c1bcb487cc26dd0d5f7d97098a6c","hash":"4571a8143ff0b28b1e2b02f61a71adcaefc923ea"}
,"/home/merek/dev/taskwipe/src/actions/session/index.js": {"path":"/home/merek/dev/taskwipe/src/actions/session/index.js","statementMap":{"0":{"start":{"line":4,"column":21},"end":{"line":24,"column":1}},"1":{"start":{"line":4,"column":42},"end":{"line":24,"column":1}},"2":{"start":{"line":5,"column":1},"end":{"line":23,"column":5}},"3":{"start":{"line":7,"column":27},"end":{"line":7,"column":35}},"4":{"start":{"line":8,"column":3},"end":{"line":8,"column":38}},"5":{"start":{"line":9,"column":3},"end":{"line":9,"column":47}},"6":{"start":{"line":10,"column":3},"end":{"line":10,"column":53}},"7":{"start":{"line":11,"column":3},"end":{"line":11,"column":51}},"8":{"start":{"line":12,"column":3},"end":{"line":12,"column":25}},"9":{"start":{"line":13,"column":3},"end":{"line":16,"column":6}},"10":{"start":{"line":19,"column":3},"end":{"line":21,"column":6}},"11":{"start":{"line":22,"column":3},"end":{"line":22,"column":14}},"12":{"start":{"line":26,"column":22},"end":{"line":35,"column":1}},"13":{"start":{"line":27,"column":1},"end":{"line":27,"column":32}},"14":{"start":{"line":28,"column":1},"end":{"line":28,"column":35}},"15":{"start":{"line":29,"column":1},"end":{"line":29,"column":38}},"16":{"start":{"line":30,"column":1},"end":{"line":30,"column":37}},"17":{"start":{"line":31,"column":1},"end":{"line":31,"column":23}},"18":{"start":{"line":32,"column":1},"end":{"line":34,"column":3}}},"fnMap":{"0":{"name":"(anonymous_0)","decl":{"start":{"line":4,"column":21},"end":{"line":4,"column":22}},"loc":{"start":{"line":4,"column":42},"end":{"line":24,"column":1}},"line":4},"1":{"name":"(anonymous_1)","decl":{"start":{"line":4,"column":42},"end":{"line":4,"column":43}},"loc":{"start":{"line":4,"column":54},"end":{"line":24,"column":1}},"line":4},"2":{"name":"(anonymous_2)","decl":{"start":{"line":6,"column":31},"end":{"line":6,"column":32}},"loc":{"start":{"line":6,"column":38},"end":{"line":17,"column":3}},"line":6},"3":{"name":"(anonymous_3)","decl":{"start":{"line":18,"column":9},"end":{"line":18,"column":10}},"loc":{"start":{"line":18,"column":16},"end":{"line":23,"column":3}},"line":18},"4":{"name":"(anonymous_4)","decl":{"start":{"line":26,"column":22},"end":{"line":26,"column":23}},"loc":{"start":{"line":26,"column":28},"end":{"line":35,"column":1}},"line":26}},"branchMap":{},"s":{"0":1,"1":2,"2":2,"3":2,"4":1,"5":1,"6":1,"7":1,"8":1,"9":1,"10":1,"11":1,"12":1,"13":1,"14":1,"15":1,"16":1,"17":1,"18":1},"f":{"0":2,"1":2,"2":2,"3":1,"4":1},"b":{},"_coverageSchema":"332fd63041d2c1bcb487cc26dd0d5f7d97098a6c","hash":"0b1725df1ddc6068ecbf7f33f352cbb03205484a"}
,"/home/merek/dev/taskwipe/src/actions/session/types.js": {"path":"/home/merek/dev/taskwipe/src/actions/session/types.js","statementMap":{"0":{"start":{"line":1,"column":30},"end":{"line":1,"column":46}},"1":{"start":{"line":2,"column":30},"end":{"line":2,"column":46}},"2":{"start":{"line":3,"column":31},"end":{"line":3,"column":48}}},"fnMap":{},"branchMap":{},"s":{"0":2,"1":2,"2":2},"f":{},"b":{},"_coverageSchema":"332fd63041d2c1bcb487cc26dd0d5f7d97098a6c","hash":"5da5722ba2b18da974327550921227157989fc8a"}
,"/home/merek/dev/taskwipe/src/actions/tasks/types.js": {"path":"/home/merek/dev/taskwipe/src/actions/tasks/types.js","statementMap":{"0":{"start":{"line":1,"column":31},"end":{"line":1,"column":48}},"1":{"start":{"line":2,"column":24},"end":{"line":2,"column":34}},"2":{"start":{"line":3,"column":27},"end":{"line":3,"column":40}},"3":{"start":{"line":4,"column":27},"end":{"line":4,"column":40}},"4":{"start":{"line":5,"column":28},"end":{"line":5,"column":42}},"5":{"start":{"line":6,"column":26},"end":{"line":6,"column":38}},"6":{"start":{"line":7,"column":25},"end":{"line":7,"column":36}},"7":{"start":{"line":8,"column":33},"end":{"line":8,"column":52}},"8":{"start":{"line":9,"column":33},"end":{"line":9,"column":52}}},"fnMap":{},"branchMap":{},"s":{"0":1,"1":1,"2":1,"3":1,"4":1,"5":1,"6":1,"7":1,"8":1},"f":{},"b":{},"_coverageSchema":"332fd63041d2c1bcb487cc26dd0d5f7d97098a6c","hash":"5c5edbda9df38e5abb9d710a8252a4c5d4402128"}
,"/home/merek/dev/taskwipe/src/api/config.js": {"path":"/home/merek/dev/taskwipe/src/api/config.js","statementMap":{"0":{"start":{"line":2,"column":13},"end":{"line":2,"column":69}},"1":{"start":{"line":3,"column":17},"end":{"line":3,"column":22}},"2":{"start":{"line":4,"column":13},"end":{"line":4,"column":17}},"3":{"start":{"line":6,"column":24},"end":{"line":6,"column":53}}},"fnMap":{},"branchMap":{"0":{"loc":{"start":{"line":2,"column":13},"end":{"line":2,"column":69}},"type":"cond-expr","locations":[{"start":{"line":2,"column":32},"end":{"line":2,"column":48}},{"start":{"line":2,"column":51},"end":{"line":2,"column":69}}],"line":2}},"s":{"0":2,"1":2,"2":2,"3":2},"f":{},"b":{"0":[0,2]},"_coverageSchema":"332fd63041d2c1bcb487cc26dd0d5f7d97098a6c","hash":"ead635b4fe0ca18792efe908aad82d800e968f2c"}
,"/home/merek/dev/taskwipe/src/api/projects/index.js": {"path":"/home/merek/dev/taskwipe/src/api/projects/index.js","statementMap":{"0":{"start":{"line":6,"column":2},"end":{"line":8,"column":22}},"1":{"start":{"line":8,"column":17},"end":{"line":8,"column":20}},"2":{"start":{"line":12,"column":2},"end":{"line":17,"column":22}},"3":{"start":{"line":17,"column":17},"end":{"line":17,"column":20}},"4":{"start":{"line":21,"column":2},"end":{"line":23,"column":22}},"5":{"start":{"line":23,"column":17},"end":{"line":23,"column":20}},"6":{"start":{"line":27,"column":2},"end":{"line":29,"column":22}},"7":{"start":{"line":29,"column":17},"end":{"line":29,"column":20}}},"fnMap":{"0":{"name":"(anonymous_0)","decl":{"start":{"line":5,"column":1},"end":{"line":5,"column":2}},"loc":{"start":{"line":5,"column":28},"end":{"line":9,"column":2}},"line":5},"1":{"name":"(anonymous_1)","decl":{"start":{"line":8,"column":10},"end":{"line":8,"column":11}},"loc":{"start":{"line":8,"column":17},"end":{"line":8,"column":20}},"line":8},"2":{"name":"(anonymous_2)","decl":{"start":{"line":11,"column":1},"end":{"line":11,"column":2}},"loc":{"start":{"line":11,"column":33},"end":{"line":18,"column":2}},"line":11},"3":{"name":"(anonymous_3)","decl":{"start":{"line":17,"column":10},"end":{"line":17,"column":11}},"loc":{"start":{"line":17,"column":17},"end":{"line":17,"column":20}},"line":17},"4":{"name":"(anonymous_4)","decl":{"start":{"line":20,"column":1},"end":{"line":20,"column":2}},"loc":{"start":{"line":20,"column":49},"end":{"line":24,"column":3}},"line":20},"5":{"name":"(anonymous_5)","decl":{"start":{"line":23,"column":10},"end":{"line":23,"column":11}},"loc":{"start":{"line":23,"column":17},"end":{"line":23,"column":20}},"line":23},"6":{"name":"(anonymous_6)","decl":{"start":{"line":26,"column":1},"end":{"line":26,"column":2}},"loc":{"start":{"line":26,"column":33},"end":{"line":30,"column":2}},"line":26},"7":{"name":"(anonymous_7)","decl":{"start":{"line":29,"column":10},"end":{"line":29,"column":11}},"loc":{"start":{"line":29,"column":17},"end":{"line":29,"column":20}},"line":29}},"branchMap":{},"s":{"0":2,"1":1,"2":2,"3":1,"4":2,"5":1,"6":2,"7":1},"f":{"0":2,"1":1,"2":2,"3":1,"4":2,"5":1,"6":2,"7":1},"b":{},"_coverageSchema":"332fd63041d2c1bcb487cc26dd0d5f7d97098a6c","hash":"17ac230a559d8c6c7973d3587048d7e0c7b14e0c"}
,"/home/merek/dev/taskwipe/src/api/session/index.js": {"path":"/home/merek/dev/taskwipe/src/api/session/index.js","statementMap":{"0":{"start":{"line":6,"column":2},"end":{"line":11,"column":22}},"1":{"start":{"line":11,"column":17},"end":{"line":11,"column":20}},"2":{"start":{"line":15,"column":2},"end":{"line":17,"column":22}},"3":{"start":{"line":17,"column":17},"end":{"line":17,"column":20}}},"fnMap":{"0":{"name":"(anonymous_0)","decl":{"start":{"line":5,"column":1},"end":{"line":5,"column":2}},"loc":{"start":{"line":5,"column":31},"end":{"line":12,"column":2}},"line":5},"1":{"name":"(anonymous_1)","decl":{"start":{"line":11,"column":10},"end":{"line":11,"column":11}},"loc":{"start":{"line":11,"column":17},"end":{"line":11,"column":20}},"line":11},"2":{"name":"(anonymous_2)","decl":{"start":{"line":14,"column":1},"end":{"line":14,"column":2}},"loc":{"start":{"line":14,"column":17},"end":{"line":18,"column":2}},"line":14},"3":{"name":"(anonymous_3)","decl":{"start":{"line":17,"column":10},"end":{"line":17,"column":11}},"loc":{"start":{"line":17,"column":17},"end":{"line":17,"column":20}},"line":17}},"branchMap":{},"s":{"0":2,"1":1,"2":0,"3":0},"f":{"0":2,"1":1,"2":0,"3":0},"b":{},"_coverageSchema":"332fd63041d2c1bcb487cc26dd0d5f7d97098a6c","hash":"bcce99111badd79c6d929dda3ed27ac411671048"}
,"/home/merek/dev/taskwipe/src/reducers/projects/index.js": {"path":"/home/merek/dev/taskwipe/src/reducers/projects/index.js","statementMap":{"0":{"start":{"line":3,"column":21},"end":{"line":3,"column":23}},"1":{"start":{"line":5,"column":23},"end":{"line":44,"column":1}},"2":{"start":{"line":6,"column":27},"end":{"line":6,"column":33}},"3":{"start":{"line":7,"column":1},"end":{"line":43,"column":2}},"4":{"start":{"line":9,"column":3},"end":{"line":9,"column":18}},"5":{"start":{"line":12,"column":3},"end":{"line":15,"column":5}},"6":{"start":{"line":18,"column":3},"end":{"line":24,"column":6}},"7":{"start":{"line":19,"column":4},"end":{"line":23,"column":5}},"8":{"start":{"line":20,"column":5},"end":{"line":20,"column":20}},"9":{"start":{"line":22,"column":5},"end":{"line":22,"column":20}},"10":{"start":{"line":27,"column":3},"end":{"line":27,"column":75}},"11":{"start":{"line":27,"column":34},"end":{"line":27,"column":73}},"12":{"start":{"line":30,"column":3},"end":{"line":30,"column":16}},"13":{"start":{"line":33,"column":3},"end":{"line":33,"column":16}},"14":{"start":{"line":36,"column":3},"end":{"line":36,"column":16}},"15":{"start":{"line":39,"column":3},"end":{"line":39,"column":16}},"16":{"start":{"line":42,"column":3},"end":{"line":42,"column":16}}},"fnMap":{"0":{"name":"(anonymous_0)","decl":{"start":{"line":5,"column":23},"end":{"line":5,"column":24}},"loc":{"start":{"line":5,"column":57},"end":{"line":44,"column":1}},"line":5},"1":{"name":"(anonymous_1)","decl":{"start":{"line":18,"column":20},"end":{"line":18,"column":21}},"loc":{"start":{"line":18,"column":31},"end":{"line":24,"column":4}},"line":18},"2":{"name":"(anonymous_2)","decl":{"start":{"line":27,"column":23},"end":{"line":27,"column":24}},"loc":{"start":{"line":27,"column":34},"end":{"line":27,"column":73}},"line":27}},"branchMap":{"0":{"loc":{"start":{"line":5,"column":24},"end":{"line":5,"column":44}},"type":"default-arg","locations":[{"start":{"line":5,"column":32},"end":{"line":5,"column":44}}],"line":5},"1":{"loc":{"start":{"line":7,"column":1},"end":{"line":43,"column":2}},"type":"switch","locations":[{"start":{"line":8,"column":2},"end":{"line":9,"column":18}},{"start":{"line":11,"column":2},"end":{"line":15,"column":5}},{"start":{"line":17,"column":2},"end":{"line":24,"column":6}},{"start":{"line":26,"column":2},"end":{"line":27,"column":75}},{"start":{"line":29,"column":2},"end":{"line":30,"column":16}},{"start":{"line":32,"column":2},"end":{"line":33,"column":16}},{"start":{"line":35,"column":2},"end":{"line":36,"column":16}},{"start":{"line":38,"column":2},"end":{"line":39,"column":16}},{"start":{"line":41,"column":2},"end":{"line":42,"column":16}}],"line":7},"2":{"loc":{"start":{"line":19,"column":4},"end":{"line":23,"column":5}},"type":"if","locations":[{"start":{"line":19,"column":4},"end":{"line":23,"column":5}},{"start":{"line":19,"column":4},"end":{"line":23,"column":5}}],"line":19}},"s":{"0":1,"1":1,"2":8,"3":8,"4":1,"5":1,"6":1,"7":2,"8":1,"9":1,"10":1,"11":2,"12":1,"13":1,"14":1,"15":1,"16":0},"f":{"0":8,"1":2,"2":2},"b":{"0":[0],"1":[1,1,1,1,1,1,1,1,0],"2":[1,1]},"_coverageSchema":"332fd63041d2c1bcb487cc26dd0d5f7d97098a6c","hash":"69a6a2b90b01b68d1802d6a2fd14278daac073e0"}
,"/home/merek/dev/taskwipe/src/reducers/session/index.js": {"path":"/home/merek/dev/taskwipe/src/reducers/session/index.js","statementMap":{"0":{"start":{"line":3,"column":21},"end":{"line":10,"column":1}},"1":{"start":{"line":12,"column":23},"end":{"line":32,"column":1}},"2":{"start":{"line":13,"column":27},"end":{"line":13,"column":33}},"3":{"start":{"line":14,"column":1},"end":{"line":31,"column":2}},"4":{"start":{"line":16,"column":3},"end":{"line":19,"column":5}},"5":{"start":{"line":22,"column":3},"end":{"line":22,"column":16}},"6":{"start":{"line":25,"column":3},"end":{"line":28,"column":5}},"7":{"start":{"line":30,"column":3},"end":{"line":30,"column":16}}},"fnMap":{"0":{"name":"(anonymous_0)","decl":{"start":{"line":12,"column":23},"end":{"line":12,"column":24}},"loc":{"start":{"line":12,"column":57},"end":{"line":32,"column":1}},"line":12}},"branchMap":{"0":{"loc":{"start":{"line":12,"column":24},"end":{"line":12,"column":44}},"type":"default-arg","locations":[{"start":{"line":12,"column":32},"end":{"line":12,"column":44}}],"line":12},"1":{"loc":{"start":{"line":14,"column":1},"end":{"line":31,"column":2}},"type":"switch","locations":[{"start":{"line":15,"column":2},"end":{"line":19,"column":5}},{"start":{"line":21,"column":2},"end":{"line":22,"column":16}},{"start":{"line":24,"column":2},"end":{"line":28,"column":5}},{"start":{"line":29,"column":2},"end":{"line":30,"column":16}}],"line":14}},"s":{"0":1,"1":1,"2":3,"3":3,"4":1,"5":1,"6":1,"7":0},"f":{"0":3},"b":{"0":[0],"1":[1,1,1,0]},"_coverageSchema":"332fd63041d2c1bcb487cc26dd0d5f7d97098a6c","hash":"8c8db5d98f3170f3d57be1ac33e1985c4db9873f"}
,"/home/merek/dev/taskwipe/src/reducers/tasks/index.js": {"path":"/home/merek/dev/taskwipe/src/reducers/tasks/index.js","statementMap":{"0":{"start":{"line":3,"column":21},"end":{"line":7,"column":1}},"1":{"start":{"line":9,"column":20},"end":{"line":71,"column":1}},"2":{"start":{"line":10,"column":13},"end":{"line":10,"column":29}},"3":{"start":{"line":11,"column":1},"end":{"line":70,"column":2}},"4":{"start":{"line":13,"column":3},"end":{"line":13,"column":39}},"5":{"start":{"line":14,"column":3},"end":{"line":17,"column":5}},"6":{"start":{"line":20,"column":19},"end":{"line":20,"column":33}},"7":{"start":{"line":21,"column":3},"end":{"line":27,"column":4}},"8":{"start":{"line":22,"column":4},"end":{"line":22,"column":38}},"9":{"start":{"line":24,"column":4},"end":{"line":26,"column":6}},"10":{"start":{"line":28,"column":3},"end":{"line":31,"column":4}},"11":{"start":{"line":33,"column":3},"end":{"line":33,"column":17}},"12":{"start":{"line":36,"column":3},"end":{"line":36,"column":16}},"13":{"start":{"line":39,"column":3},"end":{"line":39,"column":16}},"14":{"start":{"line":42,"column":3},"end":{"line":42,"column":16}},"15":{"start":{"line":45,"column":3},"end":{"line":48,"column":5}},"16":{"start":{"line":51,"column":3},"end":{"line":54,"column":5}},"17":{"start":{"line":57,"column":3},"end":{"line":60,"column":4}},"18":{"start":{"line":63,"column":3},"end":{"line":66,"column":4}},"19":{"start":{"line":69,"column":3},"end":{"line":69,"column":16}}},"fnMap":{"0":{"name":"(anonymous_0)","decl":{"start":{"line":9,"column":20},"end":{"line":9,"column":21}},"loc":{"start":{"line":9,"column":54},"end":{"line":71,"column":1}},"line":9}},"branchMap":{"0":{"loc":{"start":{"line":9,"column":21},"end":{"line":9,"column":41}},"type":"default-arg","locations":[{"start":{"line":9,"column":29},"end":{"line":9,"column":41}}],"line":9},"1":{"loc":{"start":{"line":11,"column":1},"end":{"line":70,"column":2}},"type":"switch","locations":[{"start":{"line":12,"column":2},"end":{"line":17,"column":5}},{"start":{"line":19,"column":2},"end":{"line":33,"column":17}},{"start":{"line":35,"column":2},"end":{"line":36,"column":16}},{"start":{"line":38,"column":2},"end":{"line":39,"column":16}},{"start":{"line":41,"column":2},"end":{"line":42,"column":16}},{"start":{"line":44,"column":2},"end":{"line":48,"column":5}},{"start":{"line":50,"column":2},"end":{"line":54,"column":5}},{"start":{"line":56,"column":2},"end":{"line":60,"column":4}},{"start":{"line":62,"column":2},"end":{"line":66,"column":4}},{"start":{"line":68,"column":2},"end":{"line":69,"column":16}}],"line":11},"2":{"loc":{"start":{"line":21,"column":3},"end":{"line":27,"column":4}},"type":"if","locations":[{"start":{"line":21,"column":3},"end":{"line":27,"column":4}},{"start":{"line":21,"column":3},"end":{"line":27,"column":4}}],"line":21}},"s":{"0":1,"1":1,"2":3,"3":3,"4":1,"5":1,"6":2,"7":2,"8":1,"9":1,"10":2,"11":0,"12":0,"13":0,"14":0,"15":0,"16":0,"17":0,"18":0,"19":0},"f":{"0":3},"b":{"0":[0],"1":[1,2,0,0,0,0,0,0,0,0],"2":[1,1]},"_coverageSchema":"332fd63041d2c1bcb487cc26dd0d5f7d97098a6c","hash":"57515f97aa54a0ef7d5825bc9977d6326e0a4fc8"}
}
