TN:
SF:/home/merek/dev/taskwipe/src/actions/projects/index.js
FN:4,(anonymous_0)
FN:4,(anonymous_1)
FN:7,(anonymous_2)
FN:13,(anonymous_3)
FN:21,(anonymous_4)
FN:21,(anonymous_5)
FN:24,(anonymous_6)
FN:30,(anonymous_7)
FN:38,(anonymous_8)
FN:38,(anonymous_9)
FN:41,(anonymous_10)
FN:47,(anonymous_11)
FN:55,(anonymous_12)
FN:55,(anonymous_13)
FN:58,(anonymous_14)
FN:64,(anonymous_15)
FNF:16
FNH:16
FNDA:2,(anonymous_0)
FNDA:2,(anonymous_1)
FNDA:2,(anonymous_2)
FNDA:1,(anonymous_3)
FNDA:2,(anonymous_4)
FNDA:2,(anonymous_5)
FNDA:2,(anonymous_6)
FNDA:1,(anonymous_7)
FNDA:2,(anonymous_8)
FNDA:2,(anonymous_9)
FNDA:2,(anonymous_10)
FNDA:1,(anonymous_11)
FNDA:2,(anonymous_12)
FNDA:2,(anonymous_13)
FNDA:2,(anonymous_14)
FNDA:1,(anonymous_15)
DA:4,2
DA:5,2
DA:8,2
DA:14,1
DA:17,1
DA:21,2
DA:22,2
DA:25,2
DA:31,1
DA:34,1
DA:38,2
DA:39,2
DA:42,2
DA:48,1
DA:51,1
DA:55,2
DA:56,2
DA:59,2
DA:65,1
DA:68,1
LF:20
LH:20
BRF:0
BRH:0
end_of_record
TN:
SF:/home/merek/dev/taskwipe/src/actions/projects/types.js
FNF:0
FNH:0
DA:1,2
DA:2,2
DA:3,2
DA:4,2
DA:6,2
DA:7,2
DA:8,2
DA:9,2
LF:8
LH:8
BRF:0
BRH:0
end_of_record
TN:
SF:/home/merek/dev/taskwipe/src/actions/session/index.js
FN:4,(anonymous_0)
FN:4,(anonymous_1)
FN:6,(anonymous_2)
FN:18,(anonymous_3)
FN:26,(anonymous_4)
FNF:5
FNH:5
FNDA:2,(anonymous_0)
FNDA:2,(anonymous_1)
FNDA:2,(anonymous_2)
FNDA:1,(anonymous_3)
FNDA:1,(anonymous_4)
DA:4,2
DA:5,2
DA:7,2
DA:8,1
DA:9,1
DA:10,1
DA:11,1
DA:12,1
DA:13,1
DA:19,1
DA:22,1
DA:26,1
DA:27,1
DA:28,1
DA:29,1
DA:30,1
DA:31,1
DA:32,1
LF:18
LH:18
BRF:0
BRH:0
end_of_record
TN:
SF:/home/merek/dev/taskwipe/src/actions/session/types.js
FNF:0
FNH:0
DA:1,2
DA:2,2
DA:3,2
LF:3
LH:3
BRF:0
BRH:0
end_of_record
TN:
SF:/home/merek/dev/taskwipe/src/actions/tasks/types.js
FNF:0
FNH:0
DA:1,1
DA:2,1
DA:3,1
DA:4,1
DA:5,1
DA:6,1
DA:7,1
DA:8,1
DA:9,1
LF:9
LH:9
BRF:0
BRH:0
end_of_record
TN:
SF:/home/merek/dev/taskwipe/src/api/config.js
FNF:0
FNH:0
DA:2,2
DA:3,2
DA:4,2
DA:6,2
LF:4
LH:4
BRDA:2,0,0,0
BRDA:2,0,1,2
BRF:2
BRH:1
end_of_record
TN:
SF:/home/merek/dev/taskwipe/src/api/projects/index.js
FN:5,(anonymous_0)
FN:8,(anonymous_1)
FN:11,(anonymous_2)
FN:17,(anonymous_3)
FN:20,(anonymous_4)
FN:23,(anonymous_5)
FN:26,(anonymous_6)
FN:29,(anonymous_7)
FNF:8
FNH:8
FNDA:2,(anonymous_0)
FNDA:1,(anonymous_1)
FNDA:2,(anonymous_2)
FNDA:1,(anonymous_3)
FNDA:2,(anonymous_4)
FNDA:1,(anonymous_5)
FNDA:2,(anonymous_6)
FNDA:1,(anonymous_7)
DA:6,2
DA:8,1
DA:12,2
DA:17,1
DA:21,2
DA:23,1
DA:27,2
DA:29,1
LF:8
LH:8
BRF:0
BRH:0
end_of_record
TN:
SF:/home/merek/dev/taskwipe/src/api/session/index.js
FN:5,(anonymous_0)
FN:11,(anonymous_1)
FN:14,(anonymous_2)
FN:17,(anonymous_3)
FNF:4
FNH:2
FNDA:2,(anonymous_0)
FNDA:1,(anonymous_1)
FNDA:0,(anonymous_2)
FNDA:0,(anonymous_3)
DA:6,2
DA:11,1
DA:15,0
DA:17,0
LF:4
LH:2
BRF:0
BRH:0
end_of_record
TN:
SF:/home/merek/dev/taskwipe/src/reducers/projects/index.js
FN:5,(anonymous_0)
FN:18,(anonymous_1)
FN:27,(anonymous_2)
FNF:3
FNH:3
FNDA:8,(anonymous_0)
FNDA:2,(anonymous_1)
FNDA:2,(anonymous_2)
DA:3,1
DA:5,1
DA:6,8
DA:7,8
DA:9,1
DA:12,1
DA:18,1
DA:19,2
DA:20,1
DA:22,1
DA:27,2
DA:30,1
DA:33,1
DA:36,1
DA:39,1
DA:42,0
LF:16
LH:15
BRDA:5,0,0,0
BRDA:7,1,0,1
BRDA:7,1,1,1
BRDA:7,1,2,1
BRDA:7,1,3,1
BRDA:7,1,4,1
BRDA:7,1,5,1
BRDA:7,1,6,1
BRDA:7,1,7,1
BRDA:7,1,8,0
BRDA:19,2,0,1
BRDA:19,2,1,1
BRF:12
BRH:10
end_of_record
TN:
SF:/home/merek/dev/taskwipe/src/reducers/session/index.js
FN:12,(anonymous_0)
FNF:1
FNH:1
FNDA:3,(anonymous_0)
DA:3,1
DA:12,1
DA:13,3
DA:14,3
DA:16,1
DA:22,1
DA:25,1
DA:30,0
LF:8
LH:7
BRDA:12,0,0,0
BRDA:14,1,0,1
BRDA:14,1,1,1
BRDA:14,1,2,1
BRDA:14,1,3,0
BRF:5
BRH:3
end_of_record
TN:
SF:/home/merek/dev/taskwipe/src/reducers/tasks/index.js
FN:9,(anonymous_0)
FNF:1
FNH:1
FNDA:3,(anonymous_0)
DA:3,1
DA:9,1
DA:10,3
DA:11,3
DA:13,1
DA:14,1
DA:20,2
DA:21,2
DA:22,1
DA:24,1
DA:28,2
DA:33,0
DA:36,0
DA:39,0
DA:42,0
DA:45,0
DA:51,0
DA:57,0
DA:63,0
DA:69,0
LF:20
LH:11
BRDA:9,0,0,0
BRDA:11,1,0,1
BRDA:11,1,1,2
BRDA:11,1,2,0
BRDA:11,1,3,0
BRDA:11,1,4,0
BRDA:11,1,5,0
BRDA:11,1,6,0
BRDA:11,1,7,0
BRDA:11,1,8,0
BRDA:11,1,9,0
BRDA:21,2,0,1
BRDA:21,2,1,1
BRF:13
BRH:4
end_of_record
